11:42:05,711 (AWT-EventQueue-0) INFO  [uniandes.isis2304.parranderos.negocio.Parranderos] - Limpiando la BD de Parranderos
11:42:05,809 (AWT-EventQueue-0) INFO  [uniandes.isis2304.parranderos.persistencia.PersistenciaParranderos] - Borrada la base de datos
11:42:05,810 (AWT-EventQueue-0) INFO  [uniandes.isis2304.parranderos.negocio.Parranderos] - Limpiando la BD de Parranderos: Listo!
15:21:00,837 (main) INFO  [uniandes.isis2304.parranderos.interfazApp.InterfazParranderosApp] - Se encontró un archivo de configuración válido: Interfaz
15:21:00,840 (main) INFO  [uniandes.isis2304.parranderos.interfazApp.InterfazParranderosApp] - Se aplica configuración indicada en el archivo de configuración
15:21:00,995 (main) INFO  [uniandes.isis2304.parranderos.interfazApp.InterfazParranderosApp] - Se encontró un archivo de configuración válido: Tablas BD
13:45:56,113 (main) INFO  [uniandes.isis2304.parranderos.interfazApp.InterfazParranderosApp] - Se encontró un archivo de configuración válido: Interfaz
13:45:56,123 (main) INFO  [uniandes.isis2304.parranderos.interfazApp.InterfazParranderosApp] - Se aplica configuración indicada en el archivo de configuración
13:45:56,246 (main) INFO  [uniandes.isis2304.parranderos.interfazApp.InterfazParranderosApp] - Se encontró un archivo de configuración válido: Tablas BD
14:25:47,828 (main) INFO  [uniandes.isis2304.parranderos.interfazApp.InterfazParranderosApp] - Se encontró un archivo de configuración válido: Interfaz
14:25:47,829 (main) INFO  [uniandes.isis2304.parranderos.interfazApp.InterfazParranderosApp] - Se aplica configuración indicada en el archivo de configuración
14:25:47,875 (main) INFO  [uniandes.isis2304.parranderos.interfazApp.InterfazParranderosApp] - Se encontró un archivo de configuración válido: Tablas BD
21:37:56,119 (main) INFO  [uniandes.isis2304.parranderos.interfazApp.InterfazHotelAndessApp] - NO se encontró un archivo de configuración válido
21:42:17,837 (main) INFO  [uniandes.isis2304.parranderos.interfazApp.InterfazHotelAndessApp] - Se encontró un archivo de configuración válido: Interfaz
21:42:17,852 (main) INFO  [uniandes.isis2304.parranderos.interfazApp.InterfazHotelAndessApp] - NO se encontró un archivo de configuración válido
21:44:25,642 (main) INFO  [uniandes.isis2304.parranderos.interfazApp.InterfazHotelAndessApp] - Se encontró un archivo de configuración válido: Interfaz
21:44:25,658 (main) INFO  [uniandes.isis2304.parranderos.interfazApp.InterfazHotelAndessApp] - NO se encontró un archivo de configuración válido
21:45:12,724 (main) INFO  [uniandes.isis2304.parranderos.interfazApp.InterfazHotelAndessApp] - Se encontró un archivo de configuración válido: Interfaz
21:45:12,747 (main) INFO  [uniandes.isis2304.parranderos.interfazApp.InterfazHotelAndessApp] - Se encontró un archivo de configuración válido: Tablas BD
21:46:36,678 (main) INFO  [uniandes.isis2304.parranderos.interfazApp.InterfazHotelAndessApp] - Se encontró un archivo de configuración válido: Interfaz
21:46:36,695 (main) INFO  [uniandes.isis2304.parranderos.interfazApp.InterfazHotelAndessApp] - Se encontró un archivo de configuración válido: Tablas BD
21:48:45,181 (main) INFO  [uniandes.isis2304.parranderos.interfazApp.InterfazHotelAndessApp] - Se encontró un archivo de configuración válido: Interfaz
21:48:45,198 (main) INFO  [uniandes.isis2304.parranderos.interfazApp.InterfazHotelAndessApp] - Se encontró un archivo de configuración válido: Tablas BD
21:50:39,446 (main) INFO  [uniandes.isis2304.parranderos.interfazApp.InterfazHotelAndessApp] - Se encontró un archivo de configuración válido: Interfaz
21:50:39,462 (main) INFO  [uniandes.isis2304.parranderos.interfazApp.InterfazHotelAndessApp] - Se encontró un archivo de configuración válido: Tablas BD
21:51:04,936 (main) INFO  [uniandes.isis2304.parranderos.interfazApp.InterfazHotelAndessApp] - Se encontró un archivo de configuración válido: Interfaz
21:51:04,950 (main) INFO  [uniandes.isis2304.parranderos.interfazApp.InterfazHotelAndessApp] - Se encontró un archivo de configuración válido: Tablas BD
17:19:19,883 (main) INFO  [uniandes.isis2304.parranderos.interfazApp.InterfazHotelAndessApp] - Se encontró un archivo de configuración válido: Interfaz
17:19:20,227 (main) INFO  [uniandes.isis2304.parranderos.interfazApp.InterfazHotelAndessApp] - Se encontró un archivo de configuración válido: Tablas BD
