14:27:42,520 (main) INFO  [uniandes.isis2304.parranderos.interfazApp.InterfazHotelAndessApp] - Se encontró un archivo de configuración válido: Interfaz
14:27:42,611 (main) INFO  [uniandes.isis2304.parranderos.interfazApp.InterfazHotelAndessApp] - Se encontró un archivo de configuración válido: Tablas BD
19:23:43,763 (main) INFO  [uniandes.isis2304.parranderos.interfazApp.InterfazHotelAndessApp] - Se encontró un archivo de configuración válido: Interfaz
19:23:43,802 (main) INFO  [uniandes.isis2304.parranderos.interfazApp.InterfazHotelAndessApp] - Se encontró un archivo de configuración válido: Tablas BD
18:44:59,106 (main) INFO  [uniandes.isis2304.parranderos.interfazApp.InterfazHotelAndessApp] - Se encontró un archivo de configuración válido: Interfaz
18:44:59,165 (main) INFO  [uniandes.isis2304.parranderos.interfazApp.InterfazHotelAndessApp] - Se encontró un archivo de configuración válido: Tablas BD
19:30:32,130 (main) INFO  [uniandes.isis2304.parranderos.interfazApp.InterfazHotelAndessApp] - Se encontró un archivo de configuración válido: Interfaz
19:30:32,150 (main) INFO  [uniandes.isis2304.parranderos.interfazApp.InterfazHotelAndessApp] - Se encontró un archivo de configuración válido: Tablas BD
19:56:37,335 (main) INFO  [uniandes.isis2304.parranderos.interfazApp.InterfazHotelAndessApp] - Se encontró un archivo de configuración válido: Interfaz
19:56:37,402 (main) INFO  [uniandes.isis2304.parranderos.interfazApp.InterfazHotelAndessApp] - Se encontró un archivo de configuración válido: Tablas BD
20:05:19,962 (main) INFO  [uniandes.isis2304.parranderos.interfazApp.InterfazHotelAndessApp] - Se encontró un archivo de configuración válido: Interfaz
20:05:19,984 (main) INFO  [uniandes.isis2304.parranderos.interfazApp.InterfazHotelAndessApp] - Se encontró un archivo de configuración válido: Tablas BD
20:27:29,547 (main) INFO  [uniandes.isis2304.parranderos.interfazApp.InterfazHotelAndessApp] - Se encontró un archivo de configuración válido: Interfaz
20:27:29,567 (main) INFO  [uniandes.isis2304.parranderos.interfazApp.InterfazHotelAndessApp] - Se encontró un archivo de configuración válido: Tablas BD
20:37:37,644 (main) INFO  [uniandes.isis2304.parranderos.interfazApp.InterfazHotelAndessApp] - Se encontró un archivo de configuración válido: Interfaz
20:37:37,664 (main) INFO  [uniandes.isis2304.parranderos.interfazApp.InterfazHotelAndessApp] - Se encontró un archivo de configuración válido: Tablas BD
20:42:45,961 (main) INFO  [uniandes.isis2304.parranderos.interfazApp.InterfazHotelAndessApp] - Se encontró un archivo de configuración válido: Interfaz
20:42:45,990 (main) INFO  [uniandes.isis2304.parranderos.interfazApp.InterfazHotelAndessApp] - Se encontró un archivo de configuración válido: Tablas BD
21:04:19,879 (main) INFO  [uniandes.isis2304.parranderos.interfazApp.InterfazHotelAndessApp] - Se encontró un archivo de configuración válido: Interfaz
21:04:19,899 (main) INFO  [uniandes.isis2304.parranderos.interfazApp.InterfazHotelAndessApp] - Se encontró un archivo de configuración válido: Tablas BD
21:10:29,013 (main) INFO  [uniandes.isis2304.parranderos.interfazApp.InterfazHotelAndessApp] - Se encontró un archivo de configuración válido: Interfaz
21:10:29,039 (main) INFO  [uniandes.isis2304.parranderos.interfazApp.InterfazHotelAndessApp] - Se encontró un archivo de configuración válido: Tablas BD
21:24:16,505 (main) INFO  [uniandes.isis2304.parranderos.interfazApp.InterfazHotelAndessApp] - Se encontró un archivo de configuración válido: Interfaz
21:24:16,528 (main) INFO  [uniandes.isis2304.parranderos.interfazApp.InterfazHotelAndessApp] - Se encontró un archivo de configuración válido: Tablas BD
21:34:05,038 (main) INFO  [uniandes.isis2304.parranderos.interfazApp.InterfazHotelAndessApp] - Se encontró un archivo de configuración válido: Interfaz
21:34:05,065 (main) INFO  [uniandes.isis2304.parranderos.interfazApp.InterfazHotelAndessApp] - Se encontró un archivo de configuración válido: Tablas BD
21:35:43,118 (main) INFO  [uniandes.isis2304.parranderos.interfazApp.InterfazHotelAndessApp] - Se encontró un archivo de configuración válido: Interfaz
21:35:43,142 (main) INFO  [uniandes.isis2304.parranderos.interfazApp.InterfazHotelAndessApp] - Se encontró un archivo de configuración válido: Tablas BD
21:42:39,599 (main) INFO  [uniandes.isis2304.parranderos.interfazApp.InterfazHotelAndessApp] - Se encontró un archivo de configuración válido: Interfaz
21:42:39,623 (main) INFO  [uniandes.isis2304.parranderos.interfazApp.InterfazHotelAndessApp] - Se encontró un archivo de configuración válido: Tablas BD
21:45:44,997 (main) INFO  [uniandes.isis2304.parranderos.interfazApp.InterfazHotelAndessApp] - Se encontró un archivo de configuración válido: Interfaz
21:45:45,020 (main) INFO  [uniandes.isis2304.parranderos.interfazApp.InterfazHotelAndessApp] - Se encontró un archivo de configuración válido: Tablas BD
21:47:19,317 (main) INFO  [uniandes.isis2304.parranderos.interfazApp.InterfazHotelAndessApp] - Se encontró un archivo de configuración válido: Interfaz
21:47:19,338 (main) INFO  [uniandes.isis2304.parranderos.interfazApp.InterfazHotelAndessApp] - Se encontró un archivo de configuración válido: Tablas BD
21:47:27,195 (main) INFO  [uniandes.isis2304.parranderos.interfazApp.InterfazHotelAndessApp] - Se encontró un archivo de configuración válido: Interfaz
21:47:27,216 (main) INFO  [uniandes.isis2304.parranderos.interfazApp.InterfazHotelAndessApp] - Se encontró un archivo de configuración válido: Tablas BD
21:50:01,517 (main) INFO  [uniandes.isis2304.parranderos.interfazApp.InterfazHotelAndessApp] - Se encontró un archivo de configuración válido: Interfaz
21:50:01,537 (main) INFO  [uniandes.isis2304.parranderos.interfazApp.InterfazHotelAndessApp] - Se encontró un archivo de configuración válido: Tablas BD
21:52:37,224 (main) INFO  [uniandes.isis2304.parranderos.interfazApp.InterfazHotelAndessApp] - Se encontró un archivo de configuración válido: Interfaz
21:52:37,245 (main) INFO  [uniandes.isis2304.parranderos.interfazApp.InterfazHotelAndessApp] - Se encontró un archivo de configuración válido: Tablas BD
21:53:38,546 (main) INFO  [uniandes.isis2304.parranderos.interfazApp.InterfazHotelAndessApp] - Se encontró un archivo de configuración válido: Interfaz
21:53:38,600 (main) INFO  [uniandes.isis2304.parranderos.interfazApp.InterfazHotelAndessApp] - Se encontró un archivo de configuración válido: Tablas BD
21:56:51,232 (main) INFO  [uniandes.isis2304.parranderos.interfazApp.InterfazHotelAndessApp] - Se encontró un archivo de configuración válido: Interfaz
21:56:51,261 (main) INFO  [uniandes.isis2304.parranderos.interfazApp.InterfazHotelAndessApp] - Se encontró un archivo de configuración válido: Tablas BD
21:57:17,811 (main) INFO  [uniandes.isis2304.parranderos.interfazApp.InterfazHotelAndessApp] - Se encontró un archivo de configuración válido: Interfaz
21:57:17,834 (main) INFO  [uniandes.isis2304.parranderos.interfazApp.InterfazHotelAndessApp] - Se encontró un archivo de configuración válido: Tablas BD
21:57:49,077 (main) INFO  [uniandes.isis2304.parranderos.interfazApp.InterfazHotelAndessApp] - Se encontró un archivo de configuración válido: Interfaz
21:57:49,100 (main) INFO  [uniandes.isis2304.parranderos.interfazApp.InterfazHotelAndessApp] - Se encontró un archivo de configuración válido: Tablas BD
21:57:56,026 (main) INFO  [uniandes.isis2304.parranderos.interfazApp.InterfazHotelAndessApp] - Se encontró un archivo de configuración válido: Interfaz
21:57:56,052 (main) INFO  [uniandes.isis2304.parranderos.interfazApp.InterfazHotelAndessApp] - Se encontró un archivo de configuración válido: Tablas BD
21:58:26,234 (main) INFO  [uniandes.isis2304.parranderos.interfazApp.InterfazHotelAndessApp] - Se encontró un archivo de configuración válido: Interfaz
21:58:26,254 (main) INFO  [uniandes.isis2304.parranderos.interfazApp.InterfazHotelAndessApp] - Se encontró un archivo de configuración válido: Tablas BD
22:00:24,896 (main) INFO  [uniandes.isis2304.parranderos.interfazApp.InterfazHotelAndessApp] - Se encontró un archivo de configuración válido: Interfaz
22:00:24,915 (main) INFO  [uniandes.isis2304.parranderos.interfazApp.InterfazHotelAndessApp] - Se encontró un archivo de configuración válido: Tablas BD
22:01:10,742 (main) INFO  [uniandes.isis2304.parranderos.interfazApp.InterfazHotelAndessApp] - Se encontró un archivo de configuración válido: Interfaz
22:01:10,767 (main) INFO  [uniandes.isis2304.parranderos.interfazApp.InterfazHotelAndessApp] - Se encontró un archivo de configuración válido: Tablas BD
22:03:30,852 (main) INFO  [uniandes.isis2304.parranderos.interfazApp.InterfazHotelAndessApp] - Se encontró un archivo de configuración válido: Interfaz
22:03:30,874 (main) INFO  [uniandes.isis2304.parranderos.interfazApp.InterfazHotelAndessApp] - Se encontró un archivo de configuración válido: Tablas BD
22:05:21,355 (main) INFO  [uniandes.isis2304.parranderos.interfazApp.InterfazHotelAndessApp] - Se encontró un archivo de configuración válido: Interfaz
22:05:21,378 (main) INFO  [uniandes.isis2304.parranderos.interfazApp.InterfazHotelAndessApp] - Se encontró un archivo de configuración válido: Tablas BD
22:05:28,563 (AWT-EventQueue-0) ERROR [uniandes.isis2304.parranderos.persistencia.PersistenciaCadenaHotelera] - Exception: Error con la ejecucion de Query de SQL "SELECT u.nombre, u.id, u.tipoDocumento, u.numeroDocumento, u.correoFROMCLIENTE c, TIPOHABITACION u, SERVICIO rsWHERE c.idUsuario = u.id AND u.id = rs.idClienteAND rs.estado = 1AND rs.idServicio = ? AND rs.dia BETWEEN (?) AND (?)ORDER BY ? ?".
ORA-00923: palabra clave FROM no encontrada donde se esperaba

22:13:31,247 (main) INFO  [uniandes.isis2304.parranderos.interfazApp.InterfazHotelAndessApp] - Se encontró un archivo de configuración válido: Interfaz
22:13:31,282 (main) INFO  [uniandes.isis2304.parranderos.interfazApp.InterfazHotelAndessApp] - Se encontró un archivo de configuración válido: Tablas BD
22:16:51,990 (main) INFO  [uniandes.isis2304.parranderos.interfazApp.InterfazHotelAndessApp] - Se encontró un archivo de configuración válido: Interfaz
22:16:52,016 (main) INFO  [uniandes.isis2304.parranderos.interfazApp.InterfazHotelAndessApp] - Se encontró un archivo de configuración válido: Tablas BD
22:17:26,696 (AWT-EventQueue-0) ERROR [uniandes.isis2304.parranderos.persistencia.PersistenciaCadenaHotelera] - Exception: Error con la ejecucion de Query de SQL "SELECT u.nombre, u.id, u.tipoDocumento, u.numeroDocumento, u.correoFROMCLIENTE c, TIPOHABITACION u, SERVICIO rsWHERE c.idUsuario = u.id AND u.id = rs.idClienteAND rs.estado = 1AND rs.idServicio = ? AND rs.dia BETWEEN (?) AND (?)ORDER BY ? ?".
ORA-00923: palabra clave FROM no encontrada donde se esperaba

22:25:17,198 (main) INFO  [uniandes.isis2304.parranderos.interfazApp.InterfazHotelAndessApp] - Se encontró un archivo de configuración válido: Interfaz
22:25:17,219 (main) INFO  [uniandes.isis2304.parranderos.interfazApp.InterfazHotelAndessApp] - Se encontró un archivo de configuración válido: Tablas BD
22:25:54,918 (main) INFO  [uniandes.isis2304.parranderos.interfazApp.InterfazHotelAndessApp] - Se encontró un archivo de configuración válido: Interfaz
22:25:54,945 (main) INFO  [uniandes.isis2304.parranderos.interfazApp.InterfazHotelAndessApp] - Se encontró un archivo de configuración válido: Tablas BD
22:26:44,490 (main) INFO  [uniandes.isis2304.parranderos.interfazApp.InterfazHotelAndessApp] - Se encontró un archivo de configuración válido: Interfaz
22:26:44,514 (main) INFO  [uniandes.isis2304.parranderos.interfazApp.InterfazHotelAndessApp] - Se encontró un archivo de configuración válido: Tablas BD
22:45:54,109 (AWT-EventQueue-0) ERROR [uniandes.isis2304.parranderos.persistencia.PersistenciaCadenaHotelera] - Exception: Error de E/S: The Network Adapter could not establish the connection
Error de E/S: The Network Adapter could not establish the connection
22:48:15,177 (main) INFO  [uniandes.isis2304.parranderos.interfazApp.InterfazHotelAndessApp] - Se encontró un archivo de configuración válido: Interfaz
22:48:15,202 (main) INFO  [uniandes.isis2304.parranderos.interfazApp.InterfazHotelAndessApp] - Se encontró un archivo de configuración válido: Tablas BD
22:48:55,896 (AWT-EventQueue-0) ERROR [uniandes.isis2304.parranderos.persistencia.PersistenciaCadenaHotelera] - Exception: Error con la ejecucion de Query de SQL "SELECT u.nombre, u.id, u.tipoDocumento, u.numeroDocumento, u.correoFROMCLIENTE c, TIPOHABITACION u, SERVICIO rsWHERE c.idUsuario = u.id AND u.id = rs.idClienteAND rs.estado = 1AND rs.idServicio = ? AND rs.dia BETWEEN (?) AND (?)ORDER BY ? ?".
ORA-00923: palabra clave FROM no encontrada donde se esperaba

22:54:39,449 (main) INFO  [uniandes.isis2304.parranderos.interfazApp.InterfazHotelAndessApp] - Se encontró un archivo de configuración válido: Interfaz
22:54:39,469 (main) INFO  [uniandes.isis2304.parranderos.interfazApp.InterfazHotelAndessApp] - Se encontró un archivo de configuración válido: Tablas BD
22:57:27,463 (main) INFO  [uniandes.isis2304.parranderos.interfazApp.InterfazHotelAndessApp] - Se encontró un archivo de configuración válido: Interfaz
22:57:27,484 (main) INFO  [uniandes.isis2304.parranderos.interfazApp.InterfazHotelAndessApp] - Se encontró un archivo de configuración válido: Tablas BD
22:57:50,396 (main) INFO  [uniandes.isis2304.parranderos.interfazApp.InterfazHotelAndessApp] - Se encontró un archivo de configuración válido: Interfaz
22:57:50,417 (main) INFO  [uniandes.isis2304.parranderos.interfazApp.InterfazHotelAndessApp] - Se encontró un archivo de configuración válido: Tablas BD
22:59:31,799 (main) INFO  [uniandes.isis2304.parranderos.interfazApp.InterfazHotelAndessApp] - Se encontró un archivo de configuración válido: Interfaz
22:59:31,821 (main) INFO  [uniandes.isis2304.parranderos.interfazApp.InterfazHotelAndessApp] - Se encontró un archivo de configuración válido: Tablas BD
23:00:07,139 (AWT-EventQueue-0) ERROR [uniandes.isis2304.parranderos.persistencia.PersistenciaCadenaHotelera] - Exception: Error con la ejecucion de Query de SQL "SELECT u.nombre, u.id, u.tipoDocumento, u.numeroDocumento, u.correoFROMCLIENTE c, TIPOHABITACION u, SERVICIO rsWHERE c.idUsuario = u.id AND u.id = rs.idClienteAND rs.estado = 1AND rs.idServicio = ? AND rs.dia BETWEEN (?) AND (?)ORDER BY ? ?".
ORA-00923: palabra clave FROM no encontrada donde se esperaba

23:02:22,152 (main) INFO  [uniandes.isis2304.parranderos.interfazApp.InterfazHotelAndessApp] - Se encontró un archivo de configuración válido: Interfaz
23:02:22,174 (main) INFO  [uniandes.isis2304.parranderos.interfazApp.InterfazHotelAndessApp] - Se encontró un archivo de configuración válido: Tablas BD
23:02:37,870 (main) INFO  [uniandes.isis2304.parranderos.interfazApp.InterfazHotelAndessApp] - Se encontró un archivo de configuración válido: Interfaz
23:02:37,894 (main) INFO  [uniandes.isis2304.parranderos.interfazApp.InterfazHotelAndessApp] - Se encontró un archivo de configuración válido: Tablas BD
23:03:10,487 (AWT-EventQueue-0) ERROR [uniandes.isis2304.parranderos.persistencia.PersistenciaCadenaHotelera] - Exception: Error con la ejecucion de Query de SQL "SELECT u.nombre, u.id, u.tipoDocumento, u.numeroDocumento, u.correoFROMCLIENTE c, TIPOHABITACION u, SERVICIO rsWHERE c.idUsuario = u.id AND u.id = rs.idClienteAND rs.estado = 1AND rs.idServicio = ? AND rs.dia BETWEEN (?) AND (?)ORDER BY ? ?".
ORA-00923: palabra clave FROM no encontrada donde se esperaba

23:05:34,802 (AWT-EventQueue-0) ERROR [uniandes.isis2304.parranderos.persistencia.PersistenciaCadenaHotelera] - Exception: Error con la ejecucion de Query de SQL "SELECT u.nombre, u.id, u.tipoDocumento, u.numeroDocumento, u.correoFROMCLIENTE c, TIPOHABITACION u, SERVICIO rsWHERE c.idUsuario = u.id AND u.id = rs.idClienteAND rs.estado = 1AND rs.idServicio = ? AND rs.dia BETWEEN (?) AND (?)ORDER BY ? ?".
ORA-00923: palabra clave FROM no encontrada donde se esperaba

23:08:32,265 (main) INFO  [uniandes.isis2304.parranderos.interfazApp.InterfazHotelAndessApp] - Se encontró un archivo de configuración válido: Interfaz
23:08:32,288 (main) INFO  [uniandes.isis2304.parranderos.interfazApp.InterfazHotelAndessApp] - Se encontró un archivo de configuración válido: Tablas BD
23:10:37,854 (AWT-EventQueue-0) ERROR [uniandes.isis2304.parranderos.persistencia.PersistenciaCadenaHotelera] - Exception: Error con la ejecucion de Query de SQL "SELECT u.nombre, u.id, u.tipoDocumento, u.numeroDocumento, u.correoFROMCLIENTE c, TIPOHABITACION u, SERVICIO rsWHERE c.idUsuario = u.id AND u.id = rs.idClienteAND rs.estado = 1AND rs.idServicio = ? AND rs.dia BETWEEN (?) AND (?)ORDER BY ? ?".
ORA-00923: palabra clave FROM no encontrada donde se esperaba

23:12:12,451 (main) INFO  [uniandes.isis2304.parranderos.interfazApp.InterfazHotelAndessApp] - Se encontró un archivo de configuración válido: Interfaz
23:12:12,473 (main) INFO  [uniandes.isis2304.parranderos.interfazApp.InterfazHotelAndessApp] - Se encontró un archivo de configuración válido: Tablas BD
23:12:22,352 (AWT-EventQueue-0) ERROR [uniandes.isis2304.parranderos.persistencia.PersistenciaCadenaHotelera] - Exception: Error con la ejecucion de Query de SQL "SELECT u.nombre, u.id, u.tipoDocumento, u.numeroDocumento, u.correo FROMCLIENTE c, TIPOHABITACION u, SERVICIO rsWHERE c.idUsuario = u.id AND u.id = rs.idClienteAND rs.estado = 1AND rs.idServicio = ? AND rs.dia BETWEEN (?) AND (?)ORDER BY ? ?".
ORA-00923: palabra clave FROM no encontrada donde se esperaba

23:12:34,706 (main) INFO  [uniandes.isis2304.parranderos.interfazApp.InterfazHotelAndessApp] - Se encontró un archivo de configuración válido: Interfaz
23:12:34,728 (main) INFO  [uniandes.isis2304.parranderos.interfazApp.InterfazHotelAndessApp] - Se encontró un archivo de configuración válido: Tablas BD
23:13:13,567 (AWT-EventQueue-0) ERROR [uniandes.isis2304.parranderos.persistencia.PersistenciaCadenaHotelera] - Exception: Error con la ejecucion de Query de SQL "SELECT u.nombre, u.id, u.tipoDocumento, u.numeroDocumento, u.correo FROMCLIENTE c, TIPOHABITACION u, SERVICIO rsWHERE c.idUsuario = u.id AND u.id = rs.idClienteAND rs.estado = 1AND rs.idServicio = ? AND rs.dia BETWEEN (?) AND (?)ORDER BY ? ?".
ORA-00923: palabra clave FROM no encontrada donde se esperaba

23:13:55,693 (main) INFO  [uniandes.isis2304.parranderos.interfazApp.InterfazHotelAndessApp] - Se encontró un archivo de configuración válido: Interfaz
23:13:55,715 (main) INFO  [uniandes.isis2304.parranderos.interfazApp.InterfazHotelAndessApp] - Se encontró un archivo de configuración válido: Tablas BD
23:14:37,145 (AWT-EventQueue-0) ERROR [uniandes.isis2304.parranderos.persistencia.PersistenciaCadenaHotelera] - Exception: Error con la ejecucion de Query de SQL "SELECT u.nombre, u.id, u.tipoDocumento, u.numeroDocumento, u.correo FROM CLIENTE c, TIPOHABITACION u, SERVICIO rs WHERE c.idUsuario = u.id  AND u.id = rs.idCliente AND rs.estado = 1 AND rs.idServicio = ?  AND rs.dia BETWEEN (?) AND (?) ORDER BY ? ?".
ORA-01745: nombre de variable del host/ligada no válido

23:19:46,301 (main) INFO  [uniandes.isis2304.parranderos.interfazApp.InterfazHotelAndessApp] - Se encontró un archivo de configuración válido: Interfaz
23:19:46,323 (main) INFO  [uniandes.isis2304.parranderos.interfazApp.InterfazHotelAndessApp] - Se encontró un archivo de configuración válido: Tablas BD
23:20:24,311 (AWT-EventQueue-0) ERROR [uniandes.isis2304.parranderos.persistencia.PersistenciaCadenaHotelera] - Exception: Error con la ejecucion de Query de SQL "SELECT u.nombre, u.id, u.tipoDocumento, u.numeroDocumento, u.correo FROM CLIENTE c, TIPOHABITACION u, SERVICIO rs WHERE c.idUsuario = u.id  AND u.id = rs.idCliente AND rs.estado = 1 AND rs.idServicio = ?  AND rs.dia BETWEEN (?) AND (?) ORDER BY ? ?".
ORA-01745: nombre de variable del host/ligada no válido

23:29:30,016 (main) INFO  [uniandes.isis2304.parranderos.interfazApp.InterfazHotelAndessApp] - Se encontró un archivo de configuración válido: Interfaz
23:29:30,046 (main) INFO  [uniandes.isis2304.parranderos.interfazApp.InterfazHotelAndessApp] - Se encontró un archivo de configuración válido: Tablas BD
23:30:08,242 (AWT-EventQueue-0) ERROR [uniandes.isis2304.parranderos.persistencia.PersistenciaCadenaHotelera] - Exception: Error con la ejecucion de Query de SQL "SELECT u.nombre, u.id, u.tipoDocumento, u.numeroDocumento, u.correo FROM CLIENTE c, TIPOHABITACION u, SERVICIO rs WHERE c.idUsuario = u.id  AND u.id = rs.idCliente AND rs.estado = 1 AND rs.idServicio = ?  AND rs.dia BETWEEN (?) AND (?) ORDER BY ? ?".
ORA-01745: nombre de variable del host/ligada no válido

23:38:36,264 (main) INFO  [uniandes.isis2304.parranderos.interfazApp.InterfazHotelAndessApp] - Se encontró un archivo de configuración válido: Interfaz
23:38:36,289 (main) INFO  [uniandes.isis2304.parranderos.interfazApp.InterfazHotelAndessApp] - Se encontró un archivo de configuración válido: Tablas BD
23:38:47,287 (main) INFO  [uniandes.isis2304.parranderos.interfazApp.InterfazHotelAndessApp] - Se encontró un archivo de configuración válido: Interfaz
23:38:47,309 (main) INFO  [uniandes.isis2304.parranderos.interfazApp.InterfazHotelAndessApp] - Se encontró un archivo de configuración válido: Tablas BD
23:39:17,743 (main) INFO  [uniandes.isis2304.parranderos.interfazApp.InterfazHotelAndessApp] - Se encontró un archivo de configuración válido: Interfaz
23:39:17,764 (main) INFO  [uniandes.isis2304.parranderos.interfazApp.InterfazHotelAndessApp] - Se encontró un archivo de configuración válido: Tablas BD
23:39:47,535 (AWT-EventQueue-0) ERROR [uniandes.isis2304.parranderos.persistencia.PersistenciaCadenaHotelera] - Exception: Error con la ejecucion de Query de SQL "SELECT u.nombre, u.id, u.tipoDocumento, u.numeroDocumento, u.correo FROM CLIENTE c, TIPOHABITACION u, SERVICIOCONSUMO rs WHERE c.idUsuario = u.id  AND u.id = rs.idCliente AND rs.estado = 1 AND rs.idServicio = ?  AND rs.dia BETWEEN (?) AND (?) ORDER BY ? ?".
ORA-01745: nombre de variable del host/ligada no válido

23:40:49,834 (main) INFO  [uniandes.isis2304.parranderos.interfazApp.InterfazHotelAndessApp] - Se encontró un archivo de configuración válido: Interfaz
23:40:49,855 (main) INFO  [uniandes.isis2304.parranderos.interfazApp.InterfazHotelAndessApp] - Se encontró un archivo de configuración válido: Tablas BD
23:41:12,482 (AWT-EventQueue-0) ERROR [uniandes.isis2304.parranderos.persistencia.PersistenciaCadenaHotelera] - Exception: Error con la ejecucion de Query de SQL "SELECT u.nombre, u.id, u.tipoDocumento, u.numeroDocumento, u.correo FROM CLIENTE c, TIPOHABITACION u, RESERVASERVICIO rs WHERE c.idUsuario = u.id  AND u.id = rs.idCliente AND rs.estado = 1 AND rs.idServicio = ?  AND rs.dia BETWEEN (?) AND (?) ORDER BY ? ?".
ORA-01745: nombre de variable del host/ligada no válido

23:45:42,687 (main) INFO  [uniandes.isis2304.parranderos.interfazApp.InterfazHotelAndessApp] - Se encontró un archivo de configuración válido: Interfaz
23:45:42,710 (main) INFO  [uniandes.isis2304.parranderos.interfazApp.InterfazHotelAndessApp] - Se encontró un archivo de configuración válido: Tablas BD
23:46:11,248 (AWT-EventQueue-0) ERROR [uniandes.isis2304.parranderos.persistencia.PersistenciaCadenaHotelera] - Exception: Error con la ejecucion de Query de SQL "SELECT u.nombre, u.id, u.tipoDocumento, u.numeroDocumento, u.correo FROM CLIENTE c, TIPOHABITACION u, RESERVASERVICIO rs WHERE c.idUsuario = u.id  AND u.id = rs.idCliente AND rs.estado = 1 AND rs.idServicio = ?  AND rs.dia BETWEEN (?) AND (?) ORDER BY %s %s".
ORA-00911: carácter no válido

23:47:57,701 (main) INFO  [uniandes.isis2304.parranderos.interfazApp.InterfazHotelAndessApp] - Se encontró un archivo de configuración válido: Interfaz
23:47:57,723 (main) INFO  [uniandes.isis2304.parranderos.interfazApp.InterfazHotelAndessApp] - Se encontró un archivo de configuración válido: Tablas BD
23:48:30,424 (AWT-EventQueue-0) ERROR [uniandes.isis2304.parranderos.persistencia.PersistenciaCadenaHotelera] - Exception: Error con la ejecucion de Query de SQL "SELECT u.nombre, u.id, u.tipoDocumento, u.numeroDocumento, u.correo FROM CLIENTE c, TIPOHABITACION u, RESERVASERVICIO rs WHERE c.idUsuario = u.id  AND u.id = rs.idCliente AND rs.estado = 1 AND rs.idServicio = ?  AND rs.dia BETWEEN (?) AND (?) ORDER BY ? %s".
ORA-00911: carácter no válido

23:50:07,454 (main) INFO  [uniandes.isis2304.parranderos.interfazApp.InterfazHotelAndessApp] - Se encontró un archivo de configuración válido: Interfaz
23:50:07,479 (main) INFO  [uniandes.isis2304.parranderos.interfazApp.InterfazHotelAndessApp] - Se encontró un archivo de configuración válido: Tablas BD
23:50:38,956 (main) INFO  [uniandes.isis2304.parranderos.interfazApp.InterfazHotelAndessApp] - Se encontró un archivo de configuración válido: Interfaz
23:50:39,005 (main) INFO  [uniandes.isis2304.parranderos.interfazApp.InterfazHotelAndessApp] - Se encontró un archivo de configuración válido: Tablas BD
23:51:05,533 (AWT-EventQueue-0) ERROR [uniandes.isis2304.parranderos.persistencia.PersistenciaCadenaHotelera] - Exception: Error con la ejecucion de Query de SQL "SELECT u.nombre, u.id, u.tipoDocumento, u.numeroDocumento, u.correo FROM CLIENTE c, TIPOHABITACION u, RESERVASERVICIO rs WHERE c.idUsuario = u.id  AND u.id = rs.idCliente AND rs.estado = 1 AND rs.idServicio = ?  AND rs.dia BETWEEN (?) AND (?) ORDER BY ? ASC".
ORA-00904: "U"."CORREO": identificador no válido

23:55:15,043 (main) INFO  [uniandes.isis2304.parranderos.interfazApp.InterfazHotelAndessApp] - Se encontró un archivo de configuración válido: Interfaz
23:55:15,075 (main) INFO  [uniandes.isis2304.parranderos.interfazApp.InterfazHotelAndessApp] - Se encontró un archivo de configuración válido: Tablas BD
23:59:18,972 (main) INFO  [uniandes.isis2304.parranderos.interfazApp.InterfazHotelAndessApp] - Se encontró un archivo de configuración válido: Interfaz
23:59:18,995 (main) INFO  [uniandes.isis2304.parranderos.interfazApp.InterfazHotelAndessApp] - Se encontró un archivo de configuración válido: Tablas BD
00:01:58,193 (main) INFO  [uniandes.isis2304.parranderos.interfazApp.InterfazHotelAndessApp] - Se encontró un archivo de configuración válido: Interfaz
00:01:58,226 (main) INFO  [uniandes.isis2304.parranderos.interfazApp.InterfazHotelAndessApp] - Se encontró un archivo de configuración válido: Tablas BD
00:05:02,808 (main) INFO  [uniandes.isis2304.parranderos.interfazApp.InterfazHotelAndessApp] - Se encontró un archivo de configuración válido: Interfaz
00:05:02,831 (main) INFO  [uniandes.isis2304.parranderos.interfazApp.InterfazHotelAndessApp] - Se encontró un archivo de configuración válido: Tablas BD
00:05:36,824 (AWT-EventQueue-0) ERROR [uniandes.isis2304.parranderos.persistencia.PersistenciaCadenaHotelera] - Exception: Error con la ejecucion de Query de SQL "SELECT u.nombre, u.id, u.tipoDocumento, u.numeroDocumento, u.correo, COUNT(*) AS CantidadConsumos FROM CLIENTE c, USUARIO u, RESERVASERVICIO rs WHERE c.idUsuario = u.id  AND u.id = rs.idCliente AND rs.estado = 1 AND rs.idServicio = ?  AND rs.dia BETWEEN (?) AND (?) GROUP BY u.nombre, u.id, i.tipoDocumento, u.numeroDocumento, u.correo ORDER BY ? DESC".
ORA-00904: "I"."TIPODOCUMENTO": identificador no válido

00:06:17,847 (main) INFO  [uniandes.isis2304.parranderos.interfazApp.InterfazHotelAndessApp] - Se encontró un archivo de configuración válido: Interfaz
00:06:17,872 (main) INFO  [uniandes.isis2304.parranderos.interfazApp.InterfazHotelAndessApp] - Se encontró un archivo de configuración válido: Tablas BD
00:31:29,617 (main) INFO  [uniandes.isis2304.parranderos.interfazApp.InterfazHotelAndessApp] - Se encontró un archivo de configuración válido: Interfaz
00:31:29,643 (main) INFO  [uniandes.isis2304.parranderos.interfazApp.InterfazHotelAndessApp] - Se encontró un archivo de configuración válido: Tablas BD
00:32:00,424 (AWT-EventQueue-0) ERROR [uniandes.isis2304.parranderos.persistencia.PersistenciaCadenaHotelera] - Exception: ORA-02391: exceeded simultaneous SESSIONS_PER_USER limit

ORA-02391: exceeded simultaneous SESSIONS_PER_USER limit

00:33:24,840 (main) INFO  [uniandes.isis2304.parranderos.interfazApp.InterfazHotelAndessApp] - Se encontró un archivo de configuración válido: Interfaz
00:33:24,886 (main) INFO  [uniandes.isis2304.parranderos.interfazApp.InterfazHotelAndessApp] - Se encontró un archivo de configuración válido: Tablas BD
00:33:47,553 (AWT-EventQueue-0) ERROR [uniandes.isis2304.parranderos.persistencia.PersistenciaCadenaHotelera] - Exception: ORA-02391: exceeded simultaneous SESSIONS_PER_USER limit

ORA-02391: exceeded simultaneous SESSIONS_PER_USER limit

01:00:58,865 (main) INFO  [uniandes.isis2304.parranderos.interfazApp.InterfazHotelAndessApp] - Se encontró un archivo de configuración válido: Interfaz
01:00:58,906 (main) INFO  [uniandes.isis2304.parranderos.interfazApp.InterfazHotelAndessApp] - Se encontró un archivo de configuración válido: Tablas BD
01:11:03,504 (main) INFO  [uniandes.isis2304.parranderos.interfazApp.InterfazHotelAndessApp] - Se encontró un archivo de configuración válido: Interfaz
01:11:03,617 (main) INFO  [uniandes.isis2304.parranderos.interfazApp.InterfazHotelAndessApp] - Se encontró un archivo de configuración válido: Tablas BD
01:24:44,763 (main) INFO  [uniandes.isis2304.parranderos.interfazApp.InterfazHotelAndessApp] - Se encontró un archivo de configuración válido: Interfaz
01:24:44,794 (main) INFO  [uniandes.isis2304.parranderos.interfazApp.InterfazHotelAndessApp] - Se encontró un archivo de configuración válido: Tablas BD
01:25:14,085 (AWT-EventQueue-0) ERROR [uniandes.isis2304.parranderos.persistencia.PersistenciaCadenaHotelera] - Exception: Error con la ejecucion de Query de SQL "SELECT u.nombre, u.id, u.tipoDocumento, u.numeroDocumento, u.correo FROM CLIENTE c, USUARIO u, RESERVASERVICIO rs WHERE c.idUsuario = u.id  AND u.id = rs.idCliente AND rs.estado = 1 AND rs.idServicio = ?  AND rs.dia BETWEEN (?) AND (?) ORDER BY ? DESC".
ORA-01840: el valor de entrada no es lo bastante largo para el formato de fecha

01:26:33,182 (main) INFO  [uniandes.isis2304.parranderos.interfazApp.InterfazHotelAndessApp] - Se encontró un archivo de configuración válido: Interfaz
01:26:33,207 (main) INFO  [uniandes.isis2304.parranderos.interfazApp.InterfazHotelAndessApp] - Se encontró un archivo de configuración válido: Tablas BD
01:30:41,522 (main) INFO  [uniandes.isis2304.parranderos.interfazApp.InterfazHotelAndessApp] - Se encontró un archivo de configuración válido: Interfaz
01:30:41,549 (main) INFO  [uniandes.isis2304.parranderos.interfazApp.InterfazHotelAndessApp] - Se encontró un archivo de configuración válido: Tablas BD
01:33:50,064 (main) INFO  [uniandes.isis2304.parranderos.interfazApp.InterfazHotelAndessApp] - Se encontró un archivo de configuración válido: Interfaz
01:33:50,094 (main) INFO  [uniandes.isis2304.parranderos.interfazApp.InterfazHotelAndessApp] - Se encontró un archivo de configuración válido: Tablas BD
01:49:14,990 (main) INFO  [uniandes.isis2304.parranderos.interfazApp.InterfazHotelAndessApp] - Se encontró un archivo de configuración válido: Interfaz
01:49:15,021 (main) INFO  [uniandes.isis2304.parranderos.interfazApp.InterfazHotelAndessApp] - Se encontró un archivo de configuración válido: Tablas BD
01:52:17,925 (main) INFO  [uniandes.isis2304.parranderos.interfazApp.InterfazHotelAndessApp] - Se encontró un archivo de configuración válido: Interfaz
01:52:17,952 (main) INFO  [uniandes.isis2304.parranderos.interfazApp.InterfazHotelAndessApp] - Se encontró un archivo de configuración válido: Tablas BD
01:56:09,407 (main) INFO  [uniandes.isis2304.parranderos.interfazApp.InterfazHotelAndessApp] - Se encontró un archivo de configuración válido: Interfaz
01:56:09,446 (main) INFO  [uniandes.isis2304.parranderos.interfazApp.InterfazHotelAndessApp] - Se encontró un archivo de configuración válido: Tablas BD
01:57:57,482 (main) INFO  [uniandes.isis2304.parranderos.interfazApp.InterfazHotelAndessApp] - Se encontró un archivo de configuración válido: Interfaz
01:57:57,541 (main) INFO  [uniandes.isis2304.parranderos.interfazApp.InterfazHotelAndessApp] - Se encontró un archivo de configuración válido: Tablas BD
02:22:40,473 (main) INFO  [uniandes.isis2304.parranderos.interfazApp.InterfazHotelAndessApp] - Se encontró un archivo de configuración válido: Interfaz
02:22:40,502 (main) INFO  [uniandes.isis2304.parranderos.interfazApp.InterfazHotelAndessApp] - Se encontró un archivo de configuración válido: Tablas BD
02:23:16,934 (AWT-EventQueue-0) ERROR [uniandes.isis2304.parranderos.persistencia.PersistenciaCadenaHotelera] - Exception: Error con la ejecucion de Query de SQL "SELECT u.nombre, u.id, u.tipoDocumento, u.numeroDocumento, u.correo FROM CLIENTE c, USUARIO u, RESERVASERVICIO rs WHERE c.idUsuario = u.id  AND u.id = rs.idCliente AND rs.estado = 1 AND rs.idServicio = ?  AND rs.dia BETWEEN (?) AND (?) ORDER BY ? ASC".
ORA-01841: el valor (completo) del año debe estar entre -4713 y +9999, y no debe ser igual a 0

10:18:16,426 (main) INFO  [uniandes.isis2304.parranderos.interfazApp.InterfazHotelAndessApp] - Se encontró un archivo de configuración válido: Interfaz
10:18:16,448 (main) INFO  [uniandes.isis2304.parranderos.interfazApp.InterfazHotelAndessApp] - Se encontró un archivo de configuración válido: Tablas BD
10:19:49,278 (main) INFO  [uniandes.isis2304.parranderos.interfazApp.InterfazHotelAndessApp] - Se encontró un archivo de configuración válido: Interfaz
10:19:49,300 (main) INFO  [uniandes.isis2304.parranderos.interfazApp.InterfazHotelAndessApp] - Se encontró un archivo de configuración válido: Tablas BD
10:24:49,225 (main) INFO  [uniandes.isis2304.parranderos.interfazApp.InterfazHotelAndessApp] - Se encontró un archivo de configuración válido: Interfaz
10:24:49,326 (main) INFO  [uniandes.isis2304.parranderos.interfazApp.InterfazHotelAndessApp] - Se encontró un archivo de configuración válido: Tablas BD
10:30:15,384 (main) INFO  [uniandes.isis2304.parranderos.interfazApp.InterfazHotelAndessApp] - Se encontró un archivo de configuración válido: Interfaz
10:30:15,435 (main) INFO  [uniandes.isis2304.parranderos.interfazApp.InterfazHotelAndessApp] - Se encontró un archivo de configuración válido: Tablas BD
10:41:24,349 (main) INFO  [uniandes.isis2304.parranderos.interfazApp.InterfazHotelAndessApp] - Se encontró un archivo de configuración válido: Interfaz
10:41:24,385 (main) INFO  [uniandes.isis2304.parranderos.interfazApp.InterfazHotelAndessApp] - Se encontró un archivo de configuración válido: Tablas BD
10:46:56,771 (main) INFO  [uniandes.isis2304.parranderos.interfazApp.InterfazHotelAndessApp] - Se encontró un archivo de configuración válido: Interfaz
10:46:56,794 (main) INFO  [uniandes.isis2304.parranderos.interfazApp.InterfazHotelAndessApp] - Se encontró un archivo de configuración válido: Tablas BD
10:54:41,767 (main) INFO  [uniandes.isis2304.parranderos.interfazApp.InterfazHotelAndessApp] - Se encontró un archivo de configuración válido: Interfaz
10:54:41,800 (main) INFO  [uniandes.isis2304.parranderos.interfazApp.InterfazHotelAndessApp] - Se encontró un archivo de configuración válido: Tablas BD
10:59:04,268 (main) INFO  [uniandes.isis2304.parranderos.interfazApp.InterfazHotelAndessApp] - Se encontró un archivo de configuración válido: Interfaz
10:59:04,293 (main) INFO  [uniandes.isis2304.parranderos.interfazApp.InterfazHotelAndessApp] - Se encontró un archivo de configuración válido: Tablas BD
11:00:34,908 (main) INFO  [uniandes.isis2304.parranderos.interfazApp.InterfazHotelAndessApp] - Se encontró un archivo de configuración válido: Interfaz
11:00:34,929 (main) INFO  [uniandes.isis2304.parranderos.interfazApp.InterfazHotelAndessApp] - Se encontró un archivo de configuración válido: Tablas BD
11:04:48,222 (main) INFO  [uniandes.isis2304.parranderos.interfazApp.InterfazHotelAndessApp] - Se encontró un archivo de configuración válido: Interfaz
11:04:48,270 (main) INFO  [uniandes.isis2304.parranderos.interfazApp.InterfazHotelAndessApp] - Se encontró un archivo de configuración válido: Tablas BD
11:06:32,126 (main) INFO  [uniandes.isis2304.parranderos.interfazApp.InterfazHotelAndessApp] - Se encontró un archivo de configuración válido: Interfaz
11:06:32,189 (main) INFO  [uniandes.isis2304.parranderos.interfazApp.InterfazHotelAndessApp] - Se encontró un archivo de configuración válido: Tablas BD
11:10:32,373 (main) INFO  [uniandes.isis2304.parranderos.interfazApp.InterfazHotelAndessApp] - Se encontró un archivo de configuración válido: Interfaz
11:10:32,403 (main) INFO  [uniandes.isis2304.parranderos.interfazApp.InterfazHotelAndessApp] - Se encontró un archivo de configuración válido: Tablas BD
11:26:47,756 (main) INFO  [uniandes.isis2304.parranderos.interfazApp.InterfazHotelAndessApp] - Se encontró un archivo de configuración válido: Interfaz
11:26:47,844 (main) INFO  [uniandes.isis2304.parranderos.interfazApp.InterfazHotelAndessApp] - Se encontró un archivo de configuración válido: Tablas BD
11:41:19,663 (main) INFO  [uniandes.isis2304.parranderos.interfazApp.InterfazHotelAndessApp] - Se encontró un archivo de configuración válido: Interfaz
11:41:19,687 (main) INFO  [uniandes.isis2304.parranderos.interfazApp.InterfazHotelAndessApp] - Se encontró un archivo de configuración válido: Tablas BD
11:44:25,543 (main) INFO  [uniandes.isis2304.parranderos.interfazApp.InterfazHotelAndessApp] - Se encontró un archivo de configuración válido: Interfaz
11:44:25,563 (main) INFO  [uniandes.isis2304.parranderos.interfazApp.InterfazHotelAndessApp] - Se encontró un archivo de configuración válido: Tablas BD
11:48:26,914 (main) INFO  [uniandes.isis2304.parranderos.interfazApp.InterfazHotelAndessApp] - Se encontró un archivo de configuración válido: Interfaz
11:48:26,935 (main) INFO  [uniandes.isis2304.parranderos.interfazApp.InterfazHotelAndessApp] - Se encontró un archivo de configuración válido: Tablas BD
12:14:02,298 (main) INFO  [uniandes.isis2304.parranderos.interfazApp.InterfazHotelAndessApp] - Se encontró un archivo de configuración válido: Interfaz
12:14:02,330 (main) INFO  [uniandes.isis2304.parranderos.interfazApp.InterfazHotelAndessApp] - Se encontró un archivo de configuración válido: Tablas BD
12:21:37,836 (main) INFO  [uniandes.isis2304.parranderos.interfazApp.InterfazHotelAndessApp] - Se encontró un archivo de configuración válido: Interfaz
12:21:37,860 (main) INFO  [uniandes.isis2304.parranderos.interfazApp.InterfazHotelAndessApp] - Se encontró un archivo de configuración válido: Tablas BD
12:51:58,817 (main) INFO  [uniandes.isis2304.parranderos.interfazApp.InterfazHotelAndessApp] - Se encontró un archivo de configuración válido: Interfaz
12:51:58,843 (main) INFO  [uniandes.isis2304.parranderos.interfazApp.InterfazHotelAndessApp] - Se encontró un archivo de configuración válido: Tablas BD
13:05:38,933 (main) INFO  [uniandes.isis2304.parranderos.interfazApp.InterfazHotelAndessApp] - Se encontró un archivo de configuración válido: Interfaz
13:05:38,959 (main) INFO  [uniandes.isis2304.parranderos.interfazApp.InterfazHotelAndessApp] - Se encontró un archivo de configuración válido: Tablas BD
13:11:32,272 (main) INFO  [uniandes.isis2304.parranderos.interfazApp.InterfazHotelAndessApp] - Se encontró un archivo de configuración válido: Interfaz
13:11:32,291 (main) INFO  [uniandes.isis2304.parranderos.interfazApp.InterfazHotelAndessApp] - Se encontró un archivo de configuración válido: Tablas BD
13:12:25,831 (main) INFO  [uniandes.isis2304.parranderos.interfazApp.InterfazHotelAndessApp] - Se encontró un archivo de configuración válido: Interfaz
13:12:25,851 (main) INFO  [uniandes.isis2304.parranderos.interfazApp.InterfazHotelAndessApp] - Se encontró un archivo de configuración válido: Tablas BD
14:45:54,289 (main) INFO  [uniandes.isis2304.parranderos.interfazApp.InterfazHotelAndessApp] - Se encontró un archivo de configuración válido: Interfaz
14:45:54,434 (main) INFO  [uniandes.isis2304.parranderos.interfazApp.InterfazHotelAndessApp] - Se encontró un archivo de configuración válido: Tablas BD
15:54:59,722 (main) INFO  [uniandes.isis2304.parranderos.interfazApp.InterfazHotelAndessApp] - Se encontró un archivo de configuración válido: Interfaz
15:54:59,748 (main) INFO  [uniandes.isis2304.parranderos.interfazApp.InterfazHotelAndessApp] - Se encontró un archivo de configuración válido: Tablas BD
15:55:51,689 (main) INFO  [uniandes.isis2304.parranderos.interfazApp.InterfazHotelAndessApp] - Se encontró un archivo de configuración válido: Interfaz
15:55:51,713 (main) INFO  [uniandes.isis2304.parranderos.interfazApp.InterfazHotelAndessApp] - Se encontró un archivo de configuración válido: Tablas BD
15:56:50,711 (main) INFO  [uniandes.isis2304.parranderos.interfazApp.InterfazHotelAndessApp] - Se encontró un archivo de configuración válido: Interfaz
15:56:50,733 (main) INFO  [uniandes.isis2304.parranderos.interfazApp.InterfazHotelAndessApp] - Se encontró un archivo de configuración válido: Tablas BD
15:59:55,770 (main) INFO  [uniandes.isis2304.parranderos.interfazApp.InterfazHotelAndessApp] - Se encontró un archivo de configuración válido: Interfaz
15:59:55,791 (main) INFO  [uniandes.isis2304.parranderos.interfazApp.InterfazHotelAndessApp] - Se encontró un archivo de configuración válido: Tablas BD
16:00:31,618 (main) INFO  [uniandes.isis2304.parranderos.interfazApp.InterfazHotelAndessApp] - Se encontró un archivo de configuración válido: Interfaz
16:00:31,643 (main) INFO  [uniandes.isis2304.parranderos.interfazApp.InterfazHotelAndessApp] - Se encontró un archivo de configuración válido: Tablas BD
16:03:41,655 (main) INFO  [uniandes.isis2304.parranderos.interfazApp.InterfazHotelAndessApp] - Se encontró un archivo de configuración válido: Interfaz
16:03:41,680 (main) INFO  [uniandes.isis2304.parranderos.interfazApp.InterfazHotelAndessApp] - Se encontró un archivo de configuración válido: Tablas BD
16:14:07,833 (main) INFO  [uniandes.isis2304.parranderos.interfazApp.InterfazHotelAndessApp] - Se encontró un archivo de configuración válido: Interfaz
16:14:07,871 (main) INFO  [uniandes.isis2304.parranderos.interfazApp.InterfazHotelAndessApp] - Se encontró un archivo de configuración válido: Tablas BD
16:22:45,129 (main) INFO  [uniandes.isis2304.parranderos.interfazApp.InterfazHotelAndessApp] - Se encontró un archivo de configuración válido: Interfaz
16:22:45,151 (main) INFO  [uniandes.isis2304.parranderos.interfazApp.InterfazHotelAndessApp] - Se encontró un archivo de configuración válido: Tablas BD
16:24:01,565 (main) INFO  [uniandes.isis2304.parranderos.interfazApp.InterfazHotelAndessApp] - Se encontró un archivo de configuración válido: Interfaz
16:24:01,632 (main) INFO  [uniandes.isis2304.parranderos.interfazApp.InterfazHotelAndessApp] - Se encontró un archivo de configuración válido: Tablas BD
16:36:14,793 (main) INFO  [uniandes.isis2304.parranderos.interfazApp.InterfazHotelAndessApp] - Se encontró un archivo de configuración válido: Interfaz
16:36:14,815 (main) INFO  [uniandes.isis2304.parranderos.interfazApp.InterfazHotelAndessApp] - Se encontró un archivo de configuración válido: Tablas BD
16:37:47,897 (main) INFO  [uniandes.isis2304.parranderos.interfazApp.InterfazHotelAndessApp] - Se encontró un archivo de configuración válido: Interfaz
16:37:47,921 (main) INFO  [uniandes.isis2304.parranderos.interfazApp.InterfazHotelAndessApp] - Se encontró un archivo de configuración válido: Tablas BD
16:44:02,725 (main) INFO  [uniandes.isis2304.parranderos.interfazApp.InterfazHotelAndessApp] - Se encontró un archivo de configuración válido: Interfaz
16:44:02,747 (main) INFO  [uniandes.isis2304.parranderos.interfazApp.InterfazHotelAndessApp] - Se encontró un archivo de configuración válido: Tablas BD
16:48:25,830 (main) INFO  [uniandes.isis2304.parranderos.interfazApp.InterfazHotelAndessApp] - Se encontró un archivo de configuración válido: Interfaz
16:48:25,852 (main) INFO  [uniandes.isis2304.parranderos.interfazApp.InterfazHotelAndessApp] - Se encontró un archivo de configuración válido: Tablas BD
16:57:44,905 (main) INFO  [uniandes.isis2304.parranderos.interfazApp.InterfazHotelAndessApp] - Se encontró un archivo de configuración válido: Interfaz
16:57:44,933 (main) INFO  [uniandes.isis2304.parranderos.interfazApp.InterfazHotelAndessApp] - Se encontró un archivo de configuración válido: Tablas BD
17:03:37,553 (main) INFO  [uniandes.isis2304.parranderos.interfazApp.InterfazHotelAndessApp] - Se encontró un archivo de configuración válido: Interfaz
17:03:37,576 (main) INFO  [uniandes.isis2304.parranderos.interfazApp.InterfazHotelAndessApp] - Se encontró un archivo de configuración válido: Tablas BD
17:09:02,078 (main) INFO  [uniandes.isis2304.parranderos.interfazApp.InterfazHotelAndessApp] - Se encontró un archivo de configuración válido: Interfaz
17:09:02,103 (main) INFO  [uniandes.isis2304.parranderos.interfazApp.InterfazHotelAndessApp] - Se encontró un archivo de configuración válido: Tablas BD
17:14:54,841 (main) INFO  [uniandes.isis2304.parranderos.interfazApp.InterfazHotelAndessApp] - Se encontró un archivo de configuración válido: Interfaz
17:14:54,862 (main) INFO  [uniandes.isis2304.parranderos.interfazApp.InterfazHotelAndessApp] - Se encontró un archivo de configuración válido: Tablas BD
17:18:55,149 (main) INFO  [uniandes.isis2304.parranderos.interfazApp.InterfazHotelAndessApp] - Se encontró un archivo de configuración válido: Interfaz
17:18:55,171 (main) INFO  [uniandes.isis2304.parranderos.interfazApp.InterfazHotelAndessApp] - Se encontró un archivo de configuración válido: Tablas BD
17:20:28,022 (main) INFO  [uniandes.isis2304.parranderos.interfazApp.InterfazHotelAndessApp] - Se encontró un archivo de configuración válido: Interfaz
17:20:28,044 (main) INFO  [uniandes.isis2304.parranderos.interfazApp.InterfazHotelAndessApp] - Se encontró un archivo de configuración válido: Tablas BD
17:20:51,288 (main) INFO  [uniandes.isis2304.parranderos.interfazApp.InterfazHotelAndessApp] - Se encontró un archivo de configuración válido: Interfaz
17:20:51,309 (main) INFO  [uniandes.isis2304.parranderos.interfazApp.InterfazHotelAndessApp] - Se encontró un archivo de configuración válido: Tablas BD
17:22:41,457 (main) INFO  [uniandes.isis2304.parranderos.interfazApp.InterfazHotelAndessApp] - Se encontró un archivo de configuración válido: Interfaz
17:22:41,478 (main) INFO  [uniandes.isis2304.parranderos.interfazApp.InterfazHotelAndessApp] - Se encontró un archivo de configuración válido: Tablas BD
17:25:18,227 (main) INFO  [uniandes.isis2304.parranderos.interfazApp.InterfazHotelAndessApp] - Se encontró un archivo de configuración válido: Interfaz
17:25:18,247 (main) INFO  [uniandes.isis2304.parranderos.interfazApp.InterfazHotelAndessApp] - Se encontró un archivo de configuración válido: Tablas BD
17:30:02,900 (main) INFO  [uniandes.isis2304.parranderos.interfazApp.InterfazHotelAndessApp] - Se encontró un archivo de configuración válido: Interfaz
17:30:02,921 (main) INFO  [uniandes.isis2304.parranderos.interfazApp.InterfazHotelAndessApp] - Se encontró un archivo de configuración válido: Tablas BD
17:40:14,686 (main) INFO  [uniandes.isis2304.parranderos.interfazApp.InterfazHotelAndessApp] - Se encontró un archivo de configuración válido: Interfaz
17:40:14,708 (main) INFO  [uniandes.isis2304.parranderos.interfazApp.InterfazHotelAndessApp] - Se encontró un archivo de configuración válido: Tablas BD
17:43:33,124 (main) INFO  [uniandes.isis2304.parranderos.interfazApp.InterfazHotelAndessApp] - Se encontró un archivo de configuración válido: Interfaz
17:43:33,177 (main) INFO  [uniandes.isis2304.parranderos.interfazApp.InterfazHotelAndessApp] - Se encontró un archivo de configuración válido: Tablas BD
17:45:12,372 (main) INFO  [uniandes.isis2304.parranderos.interfazApp.InterfazHotelAndessApp] - Se encontró un archivo de configuración válido: Interfaz
17:45:12,404 (main) INFO  [uniandes.isis2304.parranderos.interfazApp.InterfazHotelAndessApp] - Se encontró un archivo de configuración válido: Tablas BD
17:46:32,305 (main) INFO  [uniandes.isis2304.parranderos.interfazApp.InterfazHotelAndessApp] - Se encontró un archivo de configuración válido: Interfaz
17:46:32,329 (main) INFO  [uniandes.isis2304.parranderos.interfazApp.InterfazHotelAndessApp] - Se encontró un archivo de configuración válido: Tablas BD
17:53:59,787 (main) INFO  [uniandes.isis2304.parranderos.interfazApp.InterfazHotelAndessApp] - Se encontró un archivo de configuración válido: Interfaz
17:53:59,809 (main) INFO  [uniandes.isis2304.parranderos.interfazApp.InterfazHotelAndessApp] - Se encontró un archivo de configuración válido: Tablas BD
18:11:05,571 (main) INFO  [uniandes.isis2304.parranderos.interfazApp.InterfazHotelAndessApp] - Se encontró un archivo de configuración válido: Interfaz
18:11:05,593 (main) INFO  [uniandes.isis2304.parranderos.interfazApp.InterfazHotelAndessApp] - Se encontró un archivo de configuración válido: Tablas BD
18:15:31,061 (main) INFO  [uniandes.isis2304.parranderos.interfazApp.InterfazHotelAndessApp] - Se encontró un archivo de configuración válido: Interfaz
18:15:31,098 (main) INFO  [uniandes.isis2304.parranderos.interfazApp.InterfazHotelAndessApp] - Se encontró un archivo de configuración válido: Tablas BD
18:19:35,826 (main) INFO  [uniandes.isis2304.parranderos.interfazApp.InterfazHotelAndessApp] - Se encontró un archivo de configuración válido: Interfaz
18:19:35,846 (main) INFO  [uniandes.isis2304.parranderos.interfazApp.InterfazHotelAndessApp] - Se encontró un archivo de configuración válido: Tablas BD
18:22:51,046 (main) INFO  [uniandes.isis2304.parranderos.interfazApp.InterfazHotelAndessApp] - Se encontró un archivo de configuración válido: Interfaz
18:22:51,075 (main) INFO  [uniandes.isis2304.parranderos.interfazApp.InterfazHotelAndessApp] - Se encontró un archivo de configuración válido: Tablas BD
18:25:06,762 (main) INFO  [uniandes.isis2304.parranderos.interfazApp.InterfazHotelAndessApp] - Se encontró un archivo de configuración válido: Interfaz
18:25:06,783 (main) INFO  [uniandes.isis2304.parranderos.interfazApp.InterfazHotelAndessApp] - Se encontró un archivo de configuración válido: Tablas BD
18:25:34,906 (main) INFO  [uniandes.isis2304.parranderos.interfazApp.InterfazHotelAndessApp] - Se encontró un archivo de configuración válido: Interfaz
18:25:34,927 (main) INFO  [uniandes.isis2304.parranderos.interfazApp.InterfazHotelAndessApp] - Se encontró un archivo de configuración válido: Tablas BD
18:27:21,727 (main) INFO  [uniandes.isis2304.parranderos.interfazApp.InterfazHotelAndessApp] - Se encontró un archivo de configuración válido: Interfaz
18:27:21,749 (main) INFO  [uniandes.isis2304.parranderos.interfazApp.InterfazHotelAndessApp] - Se encontró un archivo de configuración válido: Tablas BD
18:38:13,089 (main) INFO  [uniandes.isis2304.parranderos.interfazApp.InterfazHotelAndessApp] - Se encontró un archivo de configuración válido: Interfaz
18:38:13,111 (main) INFO  [uniandes.isis2304.parranderos.interfazApp.InterfazHotelAndessApp] - Se encontró un archivo de configuración válido: Tablas BD
18:44:09,943 (main) INFO  [uniandes.isis2304.parranderos.interfazApp.InterfazHotelAndessApp] - Se encontró un archivo de configuración válido: Interfaz
18:44:09,965 (main) INFO  [uniandes.isis2304.parranderos.interfazApp.InterfazHotelAndessApp] - Se encontró un archivo de configuración válido: Tablas BD
19:37:37,656 (main) INFO  [uniandes.isis2304.parranderos.interfazApp.InterfazHotelAndessApp] - Se encontró un archivo de configuración válido: Interfaz
19:37:37,717 (main) INFO  [uniandes.isis2304.parranderos.interfazApp.InterfazHotelAndessApp] - Se encontró un archivo de configuración válido: Tablas BD
19:37:51,329 (main) INFO  [uniandes.isis2304.parranderos.interfazApp.InterfazHotelAndessApp] - Se encontró un archivo de configuración válido: Interfaz
19:37:51,351 (main) INFO  [uniandes.isis2304.parranderos.interfazApp.InterfazHotelAndessApp] - Se encontró un archivo de configuración válido: Tablas BD
19:37:56,186 (main) INFO  [uniandes.isis2304.parranderos.interfazApp.InterfazHotelAndessApp] - Se encontró un archivo de configuración válido: Interfaz
19:37:56,207 (main) INFO  [uniandes.isis2304.parranderos.interfazApp.InterfazHotelAndessApp] - Se encontró un archivo de configuración válido: Tablas BD
19:39:09,065 (main) INFO  [uniandes.isis2304.parranderos.interfazApp.InterfazHotelAndessApp] - Se encontró un archivo de configuración válido: Interfaz
19:39:09,085 (main) INFO  [uniandes.isis2304.parranderos.interfazApp.InterfazHotelAndessApp] - Se encontró un archivo de configuración válido: Tablas BD
19:41:20,701 (main) INFO  [uniandes.isis2304.parranderos.interfazApp.InterfazHotelAndessApp] - Se encontró un archivo de configuración válido: Interfaz
19:41:20,731 (main) INFO  [uniandes.isis2304.parranderos.interfazApp.InterfazHotelAndessApp] - Se encontró un archivo de configuración válido: Tablas BD
19:42:58,915 (main) INFO  [uniandes.isis2304.parranderos.interfazApp.InterfazHotelAndessApp] - Se encontró un archivo de configuración válido: Interfaz
19:42:58,941 (main) INFO  [uniandes.isis2304.parranderos.interfazApp.InterfazHotelAndessApp] - Se encontró un archivo de configuración válido: Tablas BD
19:43:46,237 (main) INFO  [uniandes.isis2304.parranderos.interfazApp.InterfazHotelAndessApp] - Se encontró un archivo de configuración válido: Interfaz
19:43:46,263 (main) INFO  [uniandes.isis2304.parranderos.interfazApp.InterfazHotelAndessApp] - Se encontró un archivo de configuración válido: Tablas BD
19:46:10,746 (main) INFO  [uniandes.isis2304.parranderos.interfazApp.InterfazHotelAndessApp] - Se encontró un archivo de configuración válido: Interfaz
19:46:10,784 (main) INFO  [uniandes.isis2304.parranderos.interfazApp.InterfazHotelAndessApp] - Se encontró un archivo de configuración válido: Tablas BD
19:47:04,300 (main) INFO  [uniandes.isis2304.parranderos.interfazApp.InterfazHotelAndessApp] - Se encontró un archivo de configuración válido: Interfaz
19:47:04,323 (main) INFO  [uniandes.isis2304.parranderos.interfazApp.InterfazHotelAndessApp] - Se encontró un archivo de configuración válido: Tablas BD
19:48:04,476 (main) INFO  [uniandes.isis2304.parranderos.interfazApp.InterfazHotelAndessApp] - Se encontró un archivo de configuración válido: Interfaz
19:48:04,497 (main) INFO  [uniandes.isis2304.parranderos.interfazApp.InterfazHotelAndessApp] - Se encontró un archivo de configuración válido: Tablas BD
19:48:45,837 (main) INFO  [uniandes.isis2304.parranderos.interfazApp.InterfazHotelAndessApp] - Se encontró un archivo de configuración válido: Interfaz
19:48:45,859 (main) INFO  [uniandes.isis2304.parranderos.interfazApp.InterfazHotelAndessApp] - Se encontró un archivo de configuración válido: Tablas BD
19:50:32,450 (main) INFO  [uniandes.isis2304.parranderos.interfazApp.InterfazHotelAndessApp] - Se encontró un archivo de configuración válido: Interfaz
19:50:32,480 (main) INFO  [uniandes.isis2304.parranderos.interfazApp.InterfazHotelAndessApp] - Se encontró un archivo de configuración válido: Tablas BD
20:01:54,908 (main) INFO  [uniandes.isis2304.parranderos.interfazApp.InterfazHotelAndessApp] - Se encontró un archivo de configuración válido: Interfaz
20:01:54,927 (main) INFO  [uniandes.isis2304.parranderos.interfazApp.InterfazHotelAndessApp] - Se encontró un archivo de configuración válido: Tablas BD
20:06:06,476 (main) INFO  [uniandes.isis2304.parranderos.interfazApp.InterfazHotelAndessApp] - Se encontró un archivo de configuración válido: Interfaz
20:06:06,498 (main) INFO  [uniandes.isis2304.parranderos.interfazApp.InterfazHotelAndessApp] - Se encontró un archivo de configuración válido: Tablas BD
20:06:29,206 (main) INFO  [uniandes.isis2304.parranderos.interfazApp.InterfazHotelAndessApp] - Se encontró un archivo de configuración válido: Interfaz
20:06:29,228 (main) INFO  [uniandes.isis2304.parranderos.interfazApp.InterfazHotelAndessApp] - Se encontró un archivo de configuración válido: Tablas BD
20:21:46,448 (main) INFO  [uniandes.isis2304.parranderos.interfazApp.InterfazHotelAndessApp] - Se encontró un archivo de configuración válido: Interfaz
20:21:46,472 (main) INFO  [uniandes.isis2304.parranderos.interfazApp.InterfazHotelAndessApp] - Se encontró un archivo de configuración válido: Tablas BD
20:27:30,965 (main) INFO  [uniandes.isis2304.parranderos.interfazApp.InterfazHotelAndessApp] - Se encontró un archivo de configuración válido: Interfaz
20:27:30,992 (main) INFO  [uniandes.isis2304.parranderos.interfazApp.InterfazHotelAndessApp] - Se encontró un archivo de configuración válido: Tablas BD
20:27:50,727 (main) INFO  [uniandes.isis2304.parranderos.interfazApp.InterfazHotelAndessApp] - Se encontró un archivo de configuración válido: Interfaz
20:27:50,746 (main) INFO  [uniandes.isis2304.parranderos.interfazApp.InterfazHotelAndessApp] - Se encontró un archivo de configuración válido: Tablas BD
20:30:20,875 (main) INFO  [uniandes.isis2304.parranderos.interfazApp.InterfazHotelAndessApp] - Se encontró un archivo de configuración válido: Interfaz
20:30:20,898 (main) INFO  [uniandes.isis2304.parranderos.interfazApp.InterfazHotelAndessApp] - Se encontró un archivo de configuración válido: Tablas BD
20:33:33,785 (main) INFO  [uniandes.isis2304.parranderos.interfazApp.InterfazHotelAndessApp] - Se encontró un archivo de configuración válido: Interfaz
20:33:33,805 (main) INFO  [uniandes.isis2304.parranderos.interfazApp.InterfazHotelAndessApp] - Se encontró un archivo de configuración válido: Tablas BD
20:34:01,578 (main) INFO  [uniandes.isis2304.parranderos.interfazApp.InterfazHotelAndessApp] - Se encontró un archivo de configuración válido: Interfaz
20:34:01,603 (main) INFO  [uniandes.isis2304.parranderos.interfazApp.InterfazHotelAndessApp] - Se encontró un archivo de configuración válido: Tablas BD
20:36:04,048 (main) INFO  [uniandes.isis2304.parranderos.interfazApp.InterfazHotelAndessApp] - Se encontró un archivo de configuración válido: Interfaz
20:36:04,072 (main) INFO  [uniandes.isis2304.parranderos.interfazApp.InterfazHotelAndessApp] - Se encontró un archivo de configuración válido: Tablas BD
20:36:28,022 (main) INFO  [uniandes.isis2304.parranderos.interfazApp.InterfazHotelAndessApp] - Se encontró un archivo de configuración válido: Interfaz
20:36:28,045 (main) INFO  [uniandes.isis2304.parranderos.interfazApp.InterfazHotelAndessApp] - Se encontró un archivo de configuración válido: Tablas BD
20:41:47,855 (main) INFO  [uniandes.isis2304.parranderos.interfazApp.InterfazHotelAndessApp] - Se encontró un archivo de configuración válido: Interfaz
20:41:47,877 (main) INFO  [uniandes.isis2304.parranderos.interfazApp.InterfazHotelAndessApp] - Se encontró un archivo de configuración válido: Tablas BD
20:50:47,157 (main) INFO  [uniandes.isis2304.parranderos.interfazApp.InterfazHotelAndessApp] - Se encontró un archivo de configuración válido: Interfaz
20:50:47,187 (main) INFO  [uniandes.isis2304.parranderos.interfazApp.InterfazHotelAndessApp] - Se encontró un archivo de configuración válido: Tablas BD
21:12:54,731 (main) INFO  [uniandes.isis2304.parranderos.interfazApp.InterfazHotelAndessApp] - Se encontró un archivo de configuración válido: Interfaz
21:12:54,753 (main) INFO  [uniandes.isis2304.parranderos.interfazApp.InterfazHotelAndessApp] - Se encontró un archivo de configuración válido: Tablas BD
21:32:32,497 (main) INFO  [uniandes.isis2304.parranderos.interfazApp.InterfazHotelAndessApp] - Se encontró un archivo de configuración válido: Interfaz
21:32:32,519 (main) INFO  [uniandes.isis2304.parranderos.interfazApp.InterfazHotelAndessApp] - Se encontró un archivo de configuración válido: Tablas BD
21:35:16,925 (main) INFO  [uniandes.isis2304.parranderos.interfazApp.InterfazHotelAndessApp] - Se encontró un archivo de configuración válido: Interfaz
21:35:16,954 (main) INFO  [uniandes.isis2304.parranderos.interfazApp.InterfazHotelAndessApp] - Se encontró un archivo de configuración válido: Tablas BD
